[2015-04-01 18:20:46] START
[2015-04-01 18:47:25] EDIT Matrimonial/models/db.py: 1
[2015-04-01 18:49:28] EDIT Matrimonial/controllers/default.py: 1
[2015-04-01 18:49:32] EDIT Matrimonial/controllers/default.py: 0
[2015-04-01 18:53:27] EDIT Matrimonial/models/db.py: 0
[2015-04-01 18:53:34] EDIT Matrimonial/controllers/default.py: 0
[2015-04-01 18:53:48] EDIT Matrimonial/views/default/index.html: 1
[2015-04-01 18:54:45] EDIT Matrimonial/models/db.py: 0
[2015-04-01 18:58:14] EDIT Matrimonial/controllers/default.py: 0
[2015-04-01 18:59:45] EDIT Matrimonial/controllers/default.py: 0
[2015-04-01 18:59:53] EDIT Matrimonial/controllers/default.py: 0
[2015-04-01 19:00:03] EDIT Matrimonial/controllers/default.py: 0
[2015-04-01 19:00:05] EDIT Matrimonial/controllers/default.py: 0
[2015-04-01 19:00:19] EDIT Matrimonial/controllers/default.py: 0
[2015-04-01 19:00:36] EDIT Matrimonial/controllers/default.py: 0
[2015-04-01 19:00:43] EDIT Matrimonial/controllers/default.py: 0
[2015-04-01 19:17:44] EDIT Matrimonial/controllers/default.py: 0
[2015-04-01 19:17:59] EDIT Matrimonial/controllers/default.py: 0
[2015-04-01 19:19:36] EDIT Matrimonial/models/db.py: 0
[2015-04-01 19:19:41] EDIT Matrimonial/models/db.py: 0
[2015-04-02 16:09:41] EDIT Matrimonial/models/db.py: 1
[2015-04-02 16:10:01] EDIT Matrimonial/models/db.py: 0
[2015-04-02 16:10:28] EDIT Matrimonial/models/db.py: 0
[2015-04-02 16:11:59] CREATE default/register.html: 0
[2015-04-02 16:12:35] EDIT Matrimonial/controllers/default.py: 3
[2015-04-02 16:12:49] EDIT Matrimonial/views/default/register.html: 0
[2015-04-02 16:52:27] EDIT Matrimonial/controllers/default.py: 2
[2015-04-02 17:19:15] EDIT Matrimonial/models/db.py: 5
[2015-04-02 17:21:20] EDIT Matrimonial/models/db.py: 0
[2015-04-02 17:21:49] EDIT Matrimonial/models/db.py: 0
[2015-04-02 17:21:55] EDIT Matrimonial/models/db.py: 0
[2015-04-02 17:23:23] EDIT Matrimonial/models/db.py: 0
[2015-04-02 17:23:24] EDIT Matrimonial/models/db.py: 0
[2015-04-02 17:24:11] EDIT Matrimonial/models/db.py: 0
[2015-04-02 17:24:18] EDIT Matrimonial/models/db.py: 0
[2015-04-02 17:25:02] EDIT Matrimonial/models/db.py: 0
[2015-04-02 17:25:04] EDIT Matrimonial/models/db.py: 0
[2015-04-02 17:33:06] EDIT Matrimonial/models/db.py: 1
[2015-04-02 17:33:07] EDIT Matrimonial/models/db.py: 0
[2015-04-02 17:33:08] EDIT Matrimonial/models/db.py: 0
[2015-04-02 17:36:34] EDIT Matrimonial/models/db.py: 0
[2015-04-02 17:36:36] EDIT Matrimonial/models/db.py: 0
[2015-04-02 17:36:47] EDIT Matrimonial/models/db.py: -1
[2015-04-02 17:36:48] EDIT Matrimonial/models/db.py: 0
[2015-04-02 17:45:30] EDIT Matrimonial/models/db.py: 1
[2015-04-02 17:45:31] EDIT Matrimonial/models/db.py: 0
[2015-04-02 17:48:21] EDIT Matrimonial/models/db.py: -1
[2015-04-02 18:04:25] EDIT Matrimonial/views/layout.html: -309
[2015-04-02 18:08:03] EDIT Matrimonial/controllers/default.py: 2
[2015-04-02 18:11:30] EDIT Matrimonial/controllers/default.py: 0
[2015-04-02 18:11:48] EDIT Matrimonial/controllers/default.py: 1
[2015-04-02 18:12:10] EDIT Matrimonial/controllers/default.py: 0
[2015-04-02 18:12:57] CREATE default/view_users.html: 0
[2015-04-02 18:13:45] EDIT Matrimonial/views/default/view_users.html: 1
[2015-04-02 18:13:48] EDIT Matrimonial/views/default/view_users.html: 1
[2015-04-02 18:13:57] EDIT Matrimonial/views/default/view_users.html: 0
[2015-04-02 18:14:26] EDIT Matrimonial/views/default/view_users.html: 1
[2015-04-02 18:14:36] EDIT Matrimonial/views/default/view_users.html: 0
[2015-04-02 18:16:14] EDIT Matrimonial/views/default/view_users.html: 2
[2015-04-02 18:19:42] EDIT Matrimonial/views/default/view_users.html: 0
[2015-04-02 18:21:52] EDIT Matrimonial/controllers/default.py: 3
[2015-04-02 18:22:06] CREATE default/view_user.html: 0
[2015-04-02 18:22:30] EDIT Matrimonial/views/default/view_user.html: 4
[2015-04-02 18:23:12] EDIT Matrimonial/views/default/view_user.html: 1
[2015-04-02 18:23:30] EDIT Matrimonial/views/default/view_user.html: 0
[2015-04-02 18:24:31] EDIT Matrimonial/views/default/view_user.html: 0
[2015-04-02 18:26:06] EDIT Matrimonial/views/default/view_user.html: 5
[2015-04-02 18:26:39] EDIT Matrimonial/views/default/view_user.html: 1
[2015-04-02 18:26:47] EDIT Matrimonial/views/default/view_user.html: -1
[2015-04-02 18:26:55] EDIT Matrimonial/views/default/view_user.html: -1
[2015-04-02 18:27:13] EDIT Matrimonial/views/default/view_user.html: 0
[2015-04-02 18:28:40] EDIT Matrimonial/controllers/default.py: 0
[2015-04-08 10:32:24] EDIT MatrimonialProject/models/db.py: 4
[2015-04-08 10:33:15] EDIT MatrimonialProject/models/db.py: 0
[2015-04-08 10:33:30] EDIT MatrimonialProject/models/db.py: 0
[2015-04-08 10:34:34] EDIT MatrimonialProject/models/db.py: 0
[2015-04-08 10:35:23] EDIT MatrimonialProject/models/db.py: 0
[2015-04-08 10:41:42] EDIT MatrimonialProject/models/db.py: 1
[2015-04-08 10:52:06] EDIT MatrimonialProject/models/db.py: 4
[2015-04-08 10:52:24] EDIT MatrimonialProject/models/db.py: 0
[2015-04-08 10:53:28] EDIT MatrimonialProject/models/db.py: 1
[2015-04-08 10:54:09] EDIT MatrimonialProject/controllers/default.py: 2
[2015-04-08 10:54:50] EDIT MatrimonialProject/controllers/default.py: 0
[2015-04-08 10:55:53] EDIT MatrimonialProject/controllers/default.py: 0
[2015-04-08 10:56:20] EDIT MatrimonialProject/models/db.py: 0
[2015-04-08 10:58:08] EDIT MatrimonialProject/models/db.py: 0
[2015-04-08 11:01:27] EDIT MatrimonialProject/models/db.py: 0
[2015-04-08 11:02:15] EDIT MatrimonialProject/controllers/default.py: 0
[2015-04-08 11:03:00] EDIT MatrimonialProject/models/db.py: 0
[2015-04-08 11:03:51] EDIT MatrimonialProject/models/db.py: 0
[2015-04-08 11:05:01] EDIT MatrimonialProject/models/db.py: -5
[2015-04-08 11:05:51] EDIT MatrimonialProject/models/db.py: 0
[2015-04-08 11:06:15] EDIT MatrimonialProject/models/db.py: 5
[2015-04-08 11:06:44] EDIT MatrimonialProject/models/db.py: -5
[2015-04-08 11:07:39] EDIT MatrimonialProject/models/db.py: 5
[2015-04-08 11:08:18] EDIT MatrimonialProject/models/db.py: 0
[2015-04-08 11:09:01] EDIT MatrimonialProject/models/db.py: 1
[2015-04-08 11:09:26] EDIT MatrimonialProject/models/db.py: 0
[2015-04-08 11:09:55] EDIT MatrimonialProject/models/db.py: 1
[2015-04-08 11:11:28] CREATE default/search.html: 0
[2015-04-08 11:11:55] EDIT MatrimonialProject/views/default/search.html: -1
[2015-04-08 11:12:19] EDIT MatrimonialProject/views/default/search.html: 3
[2015-04-08 11:34:08] EDIT MatrimonialProject/models/db.py: 0
[2015-04-08 11:38:25] EDIT MatrimonialProject/controllers/default.py: 9
[2015-04-08 11:41:43] EDIT MatrimonialProject/models/db.py: 0
[2015-04-08 11:44:31] EDIT MatrimonialProject/controllers/default.py: 0
[2015-04-08 11:47:11] EDIT MatrimonialProject/controllers/default.py: 0
[2015-04-08 11:52:32] EDIT MatrimonialProject/controllers/default.py: 0
[2015-04-08 11:52:39] EDIT MatrimonialProject/controllers/default.py: 0
[2015-04-08 11:53:24] EDIT MatrimonialProject/controllers/default.py: 0
[2015-04-08 11:54:03] EDIT MatrimonialProject/controllers/default.py: 0
[2015-04-08 12:11:10] EDIT MatrimonialProject/controllers/default.py: 0
[2015-04-08 12:12:05] EDIT MatrimonialProject/controllers/default.py: 5
[2015-04-08 12:19:22] EDIT MatrimonialProject/controllers/default.py: -5
[2015-04-08 12:27:35] EDIT MatrimonialProject/controllers/default.py: 0
[2015-04-08 12:28:10] EDIT MatrimonialProject/controllers/default.py: 0
[2015-04-08 12:29:27] EDIT MatrimonialProject/controllers/default.py: 0
[2015-04-08 12:29:48] EDIT MatrimonialProject/controllers/default.py: 1
[2015-04-08 12:29:58] EDIT MatrimonialProject/controllers/default.py: 0
[2015-04-10 14:51:55] EDIT MatrimonialProject/controllers/default.py: 0
[2015-04-10 14:52:50] EDIT MatrimonialProject/controllers/default.py: 0
[2015-04-10 14:53:44] EDIT MatrimonialProject/controllers/default.py: 0
[2015-04-10 14:54:47] EDIT MatrimonialProject/controllers/default.py: 1
[2015-04-10 14:55:03] EDIT MatrimonialProject/controllers/default.py: 0
[2015-04-10 14:55:43] EDIT MatrimonialProject/controllers/default.py: 0
[2015-04-10 14:56:22] EDIT MatrimonialProject/controllers/default.py: 0
[2015-04-10 14:57:39] EDIT MatrimonialProject/controllers/default.py: 0
[2015-04-10 14:58:47] EDIT MatrimonialProject/controllers/default.py: 0
[2015-04-10 15:00:39] EDIT MatrimonialProject/controllers/default.py: 0
[2015-04-10 15:00:54] EDIT MatrimonialProject/controllers/default.py: 0
[2015-04-10 15:01:05] EDIT MatrimonialProject/controllers/default.py: 0
[2015-04-10 15:01:30] EDIT MatrimonialProject/controllers/default.py: 0
[2015-04-10 15:01:51] EDIT MatrimonialProject/controllers/default.py: 0
[2015-04-10 15:02:34] EDIT MatrimonialProject/controllers/default.py: 0
[2015-04-10 15:02:42] EDIT MatrimonialProject/controllers/default.py: 0
[2015-04-10 15:03:21] EDIT MatrimonialProject/controllers/default.py: 0
[2015-04-10 15:03:28] EDIT MatrimonialProject/controllers/default.py: 0
[2015-04-10 15:04:25] CREATE default/result.html: 0
[2015-04-10 15:04:42] EDIT MatrimonialProject/views/default/result.html: -1
[2015-04-10 15:10:44] EDIT MatrimonialProject/models/db.py: 0
[2015-04-10 15:13:39] EDIT MatrimonialProject/controllers/default.py: 0
[2015-04-10 15:14:06] EDIT MatrimonialProject/controllers/default.py: 0
[2015-04-10 15:16:05] EDIT MatrimonialProject/controllers/default.py: 1
[2015-04-10 15:17:09] EDIT MatrimonialProject/controllers/default.py: 0
[2015-04-10 15:17:35] EDIT MatrimonialProject/controllers/default.py: 0
[2015-04-10 15:18:09] EDIT MatrimonialProject/controllers/default.py: 0
[2015-04-10 15:18:34] EDIT MatrimonialProject/controllers/default.py: 0
[2015-04-10 15:19:08] EDIT MatrimonialProject/controllers/default.py: 0
[2015-04-10 15:19:32] EDIT MatrimonialProject/controllers/default.py: 0
[2015-04-10 15:19:57] EDIT MatrimonialProject/controllers/default.py: 0
[2015-04-10 15:20:11] EDIT MatrimonialProject/controllers/default.py: 0
[2015-04-10 15:20:48] EDIT MatrimonialProject/controllers/default.py: 0
[2015-04-10 15:20:54] EDIT MatrimonialProject/controllers/default.py: 0
[2015-04-10 15:22:41] EDIT MatrimonialProject/controllers/default.py: 0
[2015-04-10 15:22:46] EDIT MatrimonialProject/controllers/default.py: 0
[2015-04-10 15:23:14] EDIT MatrimonialProject/controllers/default.py: 0
[2015-04-10 15:23:52] EDIT MatrimonialProject/controllers/default.py: 0
[2015-04-10 15:24:02] EDIT MatrimonialProject/controllers/default.py: 0
[2015-04-10 15:24:16] EDIT MatrimonialProject/controllers/default.py: 0
[2015-04-10 15:44:30] EDIT MatrimonialProject/controllers/default.py: 0
[2015-04-10 15:44:44] EDIT MatrimonialProject/controllers/default.py: -1
[2015-04-10 15:46:45] EDIT MatrimonialProject/models/db.py: 0
[2015-04-10 15:51:56] EDIT MatrimonialProject/views/default/result.html: 0
[2015-04-10 15:55:13] EDIT MatrimonialProject/controllers/default.py: 0
[2015-04-10 15:55:19] EDIT MatrimonialProject/controllers/default.py: 0
[2015-04-10 15:55:38] EDIT MatrimonialProject/controllers/default.py: 0
[2015-04-10 15:58:29] EDIT MatrimonialProject/controllers/default.py: 0
[2015-04-10 15:59:11] EDIT MatrimonialProject/controllers/default.py: 0
[2015-04-10 16:05:31] EDIT MatrimonialProject/models/db.py: 0
[2015-04-10 16:06:09] EDIT MatrimonialProject/controllers/default.py: 0
[2015-04-10 16:21:38] EDIT MatrimonialProject/models/db.py: 1
[2015-04-10 16:22:04] EDIT MatrimonialProject/models/db.py: 0
[2015-04-10 16:23:11] EDIT MatrimonialProject/models/db.py: 0
[2015-04-10 16:23:41] EDIT MatrimonialProject/controllers/default.py: 0
[2015-04-10 16:31:56] EDIT MatrimonialProject/views/default/result.html: 0
[2015-04-10 16:32:09] EDIT MatrimonialProject/views/default/result.html: 0
[2015-04-10 16:48:33] EDIT MatrimonialProject/controllers/default.py: 0
