timestamp: 2015-04-01T18:24:16.713000
CREATE TABLE auth_user(
    id INTEGER PRIMARY KEY AUTOINCREMENT,
    first_name CHAR(128),
    last_name CHAR(128),
    email CHAR(512),
    password CHAR(512),
    registration_key CHAR(512),
    reset_password_key CHAR(512),
    registration_id CHAR(512)
);
success!
timestamp: 2015-04-01T18:24:16.893000
CREATE TABLE auth_group(
    id INTEGER PRIMARY KEY AUTOINCREMENT,
    role CHAR(512),
    description TEXT
);
success!
timestamp: 2015-04-01T18:24:17.026000
CREATE TABLE auth_membership(
    id INTEGER PRIMARY KEY AUTOINCREMENT,
    user_id INTEGER REFERENCES auth_user (id) ON DELETE CASCADE,
    group_id INTEGER REFERENCES auth_group (id) ON DELETE CASCADE
);
success!
timestamp: 2015-04-01T18:24:17.175000
CREATE TABLE auth_permission(
    id INTEGER PRIMARY KEY AUTOINCREMENT,
    group_id INTEGER REFERENCES auth_group (id) ON DELETE CASCADE,
    name CHAR(512),
    table_name CHAR(512),
    record_id INTEGER
);
success!
timestamp: 2015-04-01T18:24:17.274000
CREATE TABLE auth_event(
    id INTEGER PRIMARY KEY AUTOINCREMENT,
    time_stamp TIMESTAMP,
    client_ip CHAR(512),
    user_id INTEGER REFERENCES auth_user (id) ON DELETE CASCADE,
    origin CHAR(512),
    description TEXT
);
success!
timestamp: 2015-04-01T18:24:17.347000
CREATE TABLE auth_cas(
    id INTEGER PRIMARY KEY AUTOINCREMENT,
    user_id INTEGER REFERENCES auth_user (id) ON DELETE CASCADE,
    created_on TIMESTAMP,
    service CHAR(512),
    ticket CHAR(512),
    renew CHAR(1)
);
success!
timestamp: 2015-04-01T18:53:36.111000
CREATE TABLE users(
    id INTEGER PRIMARY KEY AUTOINCREMENT,
    username TEXT
);
success!
timestamp: 2015-04-01T18:54:47.072000
ALTER TABLE users ADD password CHAR(512);
success!
success!
timestamp: 2015-04-02T17:23:25.787000
ALTER TABLE auth_user ADD city CHAR(512);
timestamp: 2015-04-02T17:23:25.950000
ALTER TABLE auth_user ADD zip CHAR(512);
timestamp: 2015-04-02T17:23:26.085000
ALTER TABLE auth_user ADD phone CHAR(512);
timestamp: 2015-04-02T17:23:26.193000
ALTER TABLE auth_user ADD address CHAR(512);
success!
